Determining if the pthread_create exist failed with the following output:
Change Dir: /home/huy/CapstoneProject/ros_ws/stm32_ws/build/CMakeFiles/CMakeTmp

Run Build Command:"/usr/bin/make" "cmTC_751eb/fast"
/usr/bin/make -f CMakeFiles/cmTC_751eb.dir/build.make CMakeFiles/cmTC_751eb.dir/build
make[1]: Entering directory '/home/huy/CapstoneProject/ros_ws/stm32_ws/build/CMakeFiles/CMakeTmp'
Building C object CMakeFiles/cmTC_751eb.dir/CheckSymbolExists.c.o
/usr/bin/cc    -o CMakeFiles/cmTC_751eb.dir/CheckSymbolExists.c.o   -c /home/huy/CapstoneProject/ros_ws/stm32_ws/build/CMakeFiles/CMakeTmp/CheckSymbolExists.c
Linking C executable cmTC_751eb
/usr/bin/cmake -E cmake_link_script CMakeFiles/cmTC_751eb.dir/link.txt --verbose=1
/usr/bin/cc      -rdynamic CMakeFiles/cmTC_751eb.dir/CheckSymbolExists.c.o  -o cmTC_751eb 
CMakeFiles/cmTC_751eb.dir/CheckSymbolExists.c.o: In function `main':
CheckSymbolExists.c:(.text+0x14): undefined reference to `pthread_create'
CheckSymbolExists.c:(.text+0x18): undefined reference to `pthread_create'
collect2: error: ld returned 1 exit status
CMakeFiles/cmTC_751eb.dir/build.make:97: recipe for target 'cmTC_751eb' failed
make[1]: *** [cmTC_751eb] Error 1
make[1]: Leaving directory '/home/huy/CapstoneProject/ros_ws/stm32_ws/build/CMakeFiles/CMakeTmp'
Makefile:126: recipe for target 'cmTC_751eb/fast' failed
make: *** [cmTC_751eb/fast] Error 2

File /home/huy/CapstoneProject/ros_ws/stm32_ws/build/CMakeFiles/CMakeTmp/CheckSymbolExists.c:
/* */
#include <pthread.h>

int main(int argc, char** argv)
{
  (void)argv;
#ifndef pthread_create
  return ((int*)(&pthread_create))[argc];
#else
  (void)argc;
  return 0;
#endif
}

Determining if the function pthread_create exists in the pthreads failed with the following output:
Change Dir: /home/huy/CapstoneProject/ros_ws/stm32_ws/build/CMakeFiles/CMakeTmp

Run Build Command:"/usr/bin/make" "cmTC_74bc7/fast"
/usr/bin/make -f CMakeFiles/cmTC_74bc7.dir/build.make CMakeFiles/cmTC_74bc7.dir/build
make[1]: Entering directory '/home/huy/CapstoneProject/ros_ws/stm32_ws/build/CMakeFiles/CMakeTmp'
Building C object CMakeFiles/cmTC_74bc7.dir/CheckFunctionExists.c.o
/usr/bin/cc   -DCHECK_FUNCTION_EXISTS=pthread_create   -o CMakeFiles/cmTC_74bc7.dir/CheckFunctionExists.c.o   -c /usr/share/cmake-3.10/Modules/CheckFunctionExists.c
Linking C executable cmTC_74bc7
/usr/bin/cmake -E cmake_link_script CMakeFiles/cmTC_74bc7.dir/link.txt --verbose=1
/usr/bin/cc  -DCHECK_FUNCTION_EXISTS=pthread_create    -rdynamic CMakeFiles/cmTC_74bc7.dir/CheckFunctionExists.c.o  -o cmTC_74bc7 -lpthreads 
/usr/bin/ld: cannot find -lpthreads
collect2: error: ld returned 1 exit status
CMakeFiles/cmTC_74bc7.dir/build.make:97: recipe for target 'cmTC_74bc7' failed
make[1]: *** [cmTC_74bc7] Error 1
make[1]: Leaving directory '/home/huy/CapstoneProject/ros_ws/stm32_ws/build/CMakeFiles/CMakeTmp'
Makefile:126: recipe for target 'cmTC_74bc7/fast' failed
make: *** [cmTC_74bc7/fast] Error 2


